c:\users\timun\documents\my-project\c++\midterm\midterm_example\midterm_example\debug\vc141.pdb
c:\users\timun\documents\my-project\c++\midterm\midterm_example\midterm_example\debug\vc141.idb
c:\users\timun\documents\my-project\c++\midterm\midterm_example\midterm_example\debug\main.obj
c:\users\timun\documents\my-project\c++\midterm\midterm_example\midterm_example\debug\exam1_class3.obj
c:\users\timun\documents\my-project\c++\midterm\midterm_example\midterm_example\debug\exam1_derived2.obj
c:\users\timun\documents\my-project\c++\midterm\midterm_example\midterm_example\debug\exam1_derived1.obj
c:\users\timun\documents\my-project\c++\midterm\midterm_example\midterm_example\debug\exam1_cat8.obj
c:\users\timun\documents\my-project\c++\midterm\midterm_example\midterm_example\debug\exam1_base.obj
c:\users\timun\documents\my-project\c++\midterm\midterm_example\midterm_example\debug\exam1_animal8.obj
c:\users\timun\documents\my-project\c++\midterm\midterm_example\midterm_example\debug\exam1_pointandref15.obj
c:\users\timun\documents\my-project\c++\midterm\midterm_example\debug\midterm_example.exe
c:\users\timun\documents\my-project\c++\midterm\midterm_example\debug\midterm_example.ilk
c:\users\timun\documents\my-project\c++\midterm\midterm_example\debug\midterm_example.pdb
c:\users\timun\documents\my-project\c++\midterm\midterm_example\midterm_example\debug\midterm_example.tlog\cl.command.1.tlog
c:\users\timun\documents\my-project\c++\midterm\midterm_example\midterm_example\debug\midterm_example.tlog\cl.read.1.tlog
c:\users\timun\documents\my-project\c++\midterm\midterm_example\midterm_example\debug\midterm_example.tlog\cl.write.1.tlog
c:\users\timun\documents\my-project\c++\midterm\midterm_example\midterm_example\debug\midterm_example.tlog\link.27908-cvtres.read.1.tlog
c:\users\timun\documents\my-project\c++\midterm\midterm_example\midterm_example\debug\midterm_example.tlog\link.27908-cvtres.write.1.tlog
c:\users\timun\documents\my-project\c++\midterm\midterm_example\midterm_example\debug\midterm_example.tlog\link.27908-rc.read.1.tlog
c:\users\timun\documents\my-project\c++\midterm\midterm_example\midterm_example\debug\midterm_example.tlog\link.27908-rc.write.1.tlog
c:\users\timun\documents\my-project\c++\midterm\midterm_example\midterm_example\debug\midterm_example.tlog\link.27908.read.1.tlog
c:\users\timun\documents\my-project\c++\midterm\midterm_example\midterm_example\debug\midterm_example.tlog\link.27908.write.1.tlog
c:\users\timun\documents\my-project\c++\midterm\midterm_example\midterm_example\debug\midterm_example.tlog\link.command.1.tlog
c:\users\timun\documents\my-project\c++\midterm\midterm_example\midterm_example\debug\midterm_example.tlog\link.read.1.tlog
c:\users\timun\documents\my-project\c++\midterm\midterm_example\midterm_example\debug\midterm_example.tlog\link.write.1.tlog
